<?xml version="1.0" encoding="UTF-8"?>
<!-- Generated by org.testng.reporters.JUnitReportReporter -->
<testsuite hostname="windows11" failures="0" tests="5" name="com.OrangeHrm.TestCases.OrangeLoginTest" time="2.915" errors="0" timestamp="2025-02-17T10:30:40 IST" skipped="0">
  <testcase classname="com.OrangeHrm.TestCases.OrangeLoginTest" name="hrmLoginTest" time="0.478"/>
  <system-out/>
  <testcase classname="com.OrangeHrm.TestCases.OrangeLoginTest" name="hrmLoginTest" time="0.614"/>
  <system-out/>
  <testcase classname="com.OrangeHrm.TestCases.OrangeLoginTest" name="hrmLoginTest" time="0.763"/>
  <system-out/>
  <testcase classname="com.OrangeHrm.TestCases.OrangeLoginTest" name="hrmLoginTest" time="0.537"/>
  <system-out/>
  <testcase classname="com.OrangeHrm.TestCases.OrangeLoginTest" name="hrmLoginTest" time="0.523"/>
  <system-out/>
</testsuite> <!-- com.OrangeHrm.TestCases.OrangeLoginTest -->
